2019-08-14 9:59:19 - PHP Notice:  Undefined variable: module in /var/www/test.loc/html/admin/view/template/module/news.tpl on line 69
2019-08-14 10:04:00 - PHP Notice:  Undefined variable: module in /var/www/test.loc/html/admin/view/template/module/news.tpl on line 69
2019-08-14 11:10:49 - PHP Notice:  A non well formed numeric value encountered in /var/www/test.loc/html/catalog/view/theme/default/template/module/featured.tpl on line 73
2019-08-14 11:10:49 - PHP Notice:  A non well formed numeric value encountered in /var/www/test.loc/html/catalog/view/theme/default/template/module/featured.tpl on line 73
2019-08-14 11:10:49 - PHP Notice:  A non well formed numeric value encountered in /var/www/test.loc/html/catalog/view/theme/default/template/module/featured.tpl on line 73
2019-08-14 11:10:49 - PHP Notice:  A non well formed numeric value encountered in /var/www/test.loc/html/catalog/view/theme/default/template/module/featured.tpl on line 73
2019-08-14 11:24:39 - PHP Notice:  Error: Duplicate entry '54-20-2' for key 'PRIMARY'<br />Error No: 1062<br />INSERT INTO oc_product_attribute SET product_id = '54', attribute_id = '20', language_id = '2', text = 'green' in /var/www/test.loc/html/system/library/db/mysqli.php on line 41
2019-08-14 11:24:39 - PHP Notice:  Error: Duplicate entry '54-20-1' for key 'PRIMARY'<br />Error No: 1062<br />INSERT INTO oc_product_attribute SET product_id = '54', attribute_id = '20', language_id = '1', text = 'green' in /var/www/test.loc/html/system/library/db/mysqli.php on line 41
2019-08-14 11:24:39 - PHP Notice:  Error: Duplicate entry '54-20-2' for key 'PRIMARY'<br />Error No: 1062<br />INSERT INTO oc_product_attribute SET product_id = '54', attribute_id = '20', language_id = '2', text = 'green' in /var/www/test.loc/html/system/library/db/mysqli.php on line 41
2019-08-14 11:24:39 - PHP Notice:  Error: Duplicate entry '54-20-1' for key 'PRIMARY'<br />Error No: 1062<br />INSERT INTO oc_product_attribute SET product_id = '54', attribute_id = '20', language_id = '1', text = 'green' in /var/www/test.loc/html/system/library/db/mysqli.php on line 41
2019-08-14 14:07:19 - PHP Notice:  Undefined offset: 0 in /var/www/test.loc/html/catalog/controller/module/featured.php on line 62
2019-08-14 14:07:19 - PHP Notice:  Undefined offset: 0 in /var/www/test.loc/html/catalog/controller/module/featured.php on line 62
2019-08-14 14:07:19 - PHP Notice:  Undefined offset: 0 in /var/www/test.loc/html/catalog/controller/module/featured.php on line 62
2019-08-14 14:07:19 - PHP Notice:  Undefined offset: 0 in /var/www/test.loc/html/catalog/controller/module/featured.php on line 62
2019-08-14 14:07:44 - PHP Notice:  Undefined offset: 0 in /var/www/test.loc/html/catalog/controller/module/featured.php on line 62
2019-08-14 14:07:44 - PHP Notice:  Undefined offset: 0 in /var/www/test.loc/html/catalog/controller/module/featured.php on line 62
2019-08-14 14:07:44 - PHP Notice:  Undefined offset: 0 in /var/www/test.loc/html/catalog/controller/module/featured.php on line 62
2019-08-14 14:07:44 - PHP Notice:  Undefined offset: 0 in /var/www/test.loc/html/catalog/controller/module/featured.php on line 62
2019-08-14 14:07:44 - PHP Notice:  Undefined offset: 0 in /var/www/test.loc/html/catalog/controller/module/featured.php on line 62
2019-08-14 14:07:44 - PHP Notice:  Undefined offset: 0 in /var/www/test.loc/html/catalog/controller/module/featured.php on line 62
2019-08-14 14:07:44 - PHP Notice:  Undefined offset: 0 in /var/www/test.loc/html/catalog/controller/module/featured.php on line 62
2019-08-14 14:07:44 - PHP Notice:  Undefined offset: 0 in /var/www/test.loc/html/catalog/controller/module/featured.php on line 62
2019-08-14 14:09:19 - PHP Notice:  Undefined offset: 0 in /var/www/test.loc/html/catalog/controller/module/featured.php on line 62
2019-08-14 14:09:19 - PHP Notice:  Undefined offset: 0 in /var/www/test.loc/html/catalog/controller/module/featured.php on line 62
2019-08-14 14:09:19 - PHP Notice:  Undefined offset: 0 in /var/www/test.loc/html/catalog/controller/module/featured.php on line 62
2019-08-14 14:09:19 - PHP Notice:  Undefined offset: 0 in /var/www/test.loc/html/catalog/controller/module/featured.php on line 62
2019-08-14 14:09:19 - PHP Notice:  Undefined offset: 0 in /var/www/test.loc/html/catalog/controller/module/featured.php on line 62
2019-08-14 14:09:19 - PHP Notice:  Undefined offset: 0 in /var/www/test.loc/html/catalog/controller/module/featured.php on line 62
2019-08-14 14:09:19 - PHP Notice:  Undefined offset: 0 in /var/www/test.loc/html/catalog/controller/module/featured.php on line 62
2019-08-14 14:09:19 - PHP Notice:  Undefined offset: 0 in /var/www/test.loc/html/catalog/controller/module/featured.php on line 62
2019-08-14 14:09:48 - PHP Notice:  Undefined offset: 0 in /var/www/test.loc/html/catalog/controller/module/featured.php on line 62
2019-08-14 14:09:48 - PHP Notice:  Undefined offset: 0 in /var/www/test.loc/html/catalog/controller/module/featured.php on line 62
2019-08-14 14:09:48 - PHP Notice:  Undefined offset: 0 in /var/www/test.loc/html/catalog/controller/module/featured.php on line 62
2019-08-14 14:09:48 - PHP Notice:  Undefined offset: 0 in /var/www/test.loc/html/catalog/controller/module/featured.php on line 62
2019-08-14 14:09:48 - PHP Notice:  Undefined offset: 0 in /var/www/test.loc/html/catalog/controller/module/featured.php on line 62
2019-08-14 14:09:48 - PHP Notice:  Undefined offset: 0 in /var/www/test.loc/html/catalog/controller/module/featured.php on line 62
2019-08-14 14:09:48 - PHP Notice:  Undefined offset: 0 in /var/www/test.loc/html/catalog/controller/module/featured.php on line 62
2019-08-14 14:09:48 - PHP Notice:  Undefined offset: 0 in /var/www/test.loc/html/catalog/controller/module/featured.php on line 62
2019-08-14 14:09:49 - PHP Notice:  Undefined offset: 0 in /var/www/test.loc/html/catalog/controller/module/featured.php on line 62
2019-08-14 14:09:49 - PHP Notice:  Undefined offset: 0 in /var/www/test.loc/html/catalog/controller/module/featured.php on line 62
2019-08-14 14:09:49 - PHP Notice:  Undefined offset: 0 in /var/www/test.loc/html/catalog/controller/module/featured.php on line 62
2019-08-14 14:09:49 - PHP Notice:  Undefined offset: 0 in /var/www/test.loc/html/catalog/controller/module/featured.php on line 62
2019-08-14 14:09:49 - PHP Notice:  Undefined offset: 0 in /var/www/test.loc/html/catalog/controller/module/featured.php on line 62
2019-08-14 14:09:49 - PHP Notice:  Undefined offset: 0 in /var/www/test.loc/html/catalog/controller/module/featured.php on line 62
2019-08-14 14:09:49 - PHP Notice:  Undefined offset: 0 in /var/www/test.loc/html/catalog/controller/module/featured.php on line 62
2019-08-14 14:09:49 - PHP Notice:  Undefined offset: 0 in /var/www/test.loc/html/catalog/controller/module/featured.php on line 62
2019-08-14 14:09:58 - PHP Notice:  Undefined offset: 0 in /var/www/test.loc/html/catalog/controller/module/featured.php on line 62
2019-08-14 14:09:58 - PHP Notice:  Undefined offset: 0 in /var/www/test.loc/html/catalog/controller/module/featured.php on line 62
2019-08-14 14:09:58 - PHP Notice:  Undefined offset: 0 in /var/www/test.loc/html/catalog/controller/module/featured.php on line 62
2019-08-14 14:09:58 - PHP Notice:  Undefined offset: 0 in /var/www/test.loc/html/catalog/controller/module/featured.php on line 62
2019-08-14 14:10:09 - PHP Notice:  Undefined offset: 0 in /var/www/test.loc/html/catalog/controller/module/featured.php on line 62
2019-08-14 14:10:09 - PHP Notice:  Undefined offset: 0 in /var/www/test.loc/html/catalog/controller/module/featured.php on line 62
2019-08-14 14:10:09 - PHP Notice:  Undefined offset: 0 in /var/www/test.loc/html/catalog/controller/module/featured.php on line 62
2019-08-14 14:10:09 - PHP Notice:  Undefined offset: 0 in /var/www/test.loc/html/catalog/controller/module/featured.php on line 62
2019-08-14 14:10:09 - PHP Notice:  Undefined offset: 0 in /var/www/test.loc/html/catalog/controller/module/featured.php on line 62
2019-08-14 14:10:09 - PHP Notice:  Undefined offset: 0 in /var/www/test.loc/html/catalog/controller/module/featured.php on line 62
2019-08-14 14:10:09 - PHP Notice:  Undefined offset: 0 in /var/www/test.loc/html/catalog/controller/module/featured.php on line 62
2019-08-14 14:10:09 - PHP Notice:  Undefined offset: 0 in /var/www/test.loc/html/catalog/controller/module/featured.php on line 62
2019-08-14 14:10:10 - PHP Notice:  Undefined offset: 0 in /var/www/test.loc/html/catalog/controller/module/featured.php on line 62
2019-08-14 14:10:10 - PHP Notice:  Undefined offset: 0 in /var/www/test.loc/html/catalog/controller/module/featured.php on line 62
2019-08-14 14:10:10 - PHP Notice:  Undefined offset: 0 in /var/www/test.loc/html/catalog/controller/module/featured.php on line 62
2019-08-14 14:10:10 - PHP Notice:  Undefined offset: 0 in /var/www/test.loc/html/catalog/controller/module/featured.php on line 62
2019-08-14 14:10:11 - PHP Notice:  Undefined offset: 0 in /var/www/test.loc/html/catalog/controller/module/featured.php on line 62
2019-08-14 14:10:11 - PHP Notice:  Undefined offset: 0 in /var/www/test.loc/html/catalog/controller/module/featured.php on line 62
2019-08-14 14:10:11 - PHP Notice:  Undefined offset: 0 in /var/www/test.loc/html/catalog/controller/module/featured.php on line 62
2019-08-14 14:10:11 - PHP Notice:  Undefined offset: 0 in /var/www/test.loc/html/catalog/controller/module/featured.php on line 62
2019-08-14 14:10:11 - PHP Notice:  Undefined offset: 0 in /var/www/test.loc/html/catalog/controller/module/featured.php on line 62
2019-08-14 14:10:11 - PHP Notice:  Undefined offset: 0 in /var/www/test.loc/html/catalog/controller/module/featured.php on line 62
2019-08-14 14:10:11 - PHP Notice:  Undefined offset: 0 in /var/www/test.loc/html/catalog/controller/module/featured.php on line 62
2019-08-14 14:10:11 - PHP Notice:  Undefined offset: 0 in /var/www/test.loc/html/catalog/controller/module/featured.php on line 62
2019-08-14 14:10:11 - PHP Notice:  Undefined offset: 0 in /var/www/test.loc/html/catalog/controller/module/featured.php on line 62
2019-08-14 14:10:11 - PHP Notice:  Undefined offset: 0 in /var/www/test.loc/html/catalog/controller/module/featured.php on line 62
2019-08-14 14:10:11 - PHP Notice:  Undefined offset: 0 in /var/www/test.loc/html/catalog/controller/module/featured.php on line 62
2019-08-14 14:10:11 - PHP Notice:  Undefined offset: 0 in /var/www/test.loc/html/catalog/controller/module/featured.php on line 62
2019-08-14 14:10:11 - PHP Notice:  Undefined offset: 0 in /var/www/test.loc/html/catalog/controller/module/featured.php on line 62
2019-08-14 14:10:11 - PHP Notice:  Undefined offset: 0 in /var/www/test.loc/html/catalog/controller/module/featured.php on line 62
2019-08-14 14:10:11 - PHP Notice:  Undefined offset: 0 in /var/www/test.loc/html/catalog/controller/module/featured.php on line 62
2019-08-14 14:10:11 - PHP Notice:  Undefined offset: 0 in /var/www/test.loc/html/catalog/controller/module/featured.php on line 62
2019-08-14 14:10:12 - PHP Notice:  Undefined offset: 0 in /var/www/test.loc/html/catalog/controller/module/featured.php on line 62
2019-08-14 14:10:12 - PHP Notice:  Undefined offset: 0 in /var/www/test.loc/html/catalog/controller/module/featured.php on line 62
2019-08-14 14:10:12 - PHP Notice:  Undefined offset: 0 in /var/www/test.loc/html/catalog/controller/module/featured.php on line 62
2019-08-14 14:10:12 - PHP Notice:  Undefined offset: 0 in /var/www/test.loc/html/catalog/controller/module/featured.php on line 62
2019-08-14 14:10:12 - PHP Notice:  Undefined offset: 0 in /var/www/test.loc/html/catalog/controller/module/featured.php on line 62
2019-08-14 14:10:12 - PHP Notice:  Undefined offset: 0 in /var/www/test.loc/html/catalog/controller/module/featured.php on line 62
2019-08-14 14:10:12 - PHP Notice:  Undefined offset: 0 in /var/www/test.loc/html/catalog/controller/module/featured.php on line 62
2019-08-14 14:10:12 - PHP Notice:  Undefined offset: 0 in /var/www/test.loc/html/catalog/controller/module/featured.php on line 62
2019-08-14 14:10:12 - PHP Notice:  Undefined offset: 0 in /var/www/test.loc/html/catalog/controller/module/featured.php on line 62
2019-08-14 14:10:12 - PHP Notice:  Undefined offset: 0 in /var/www/test.loc/html/catalog/controller/module/featured.php on line 62
2019-08-14 14:10:12 - PHP Notice:  Undefined offset: 0 in /var/www/test.loc/html/catalog/controller/module/featured.php on line 62
2019-08-14 14:10:12 - PHP Notice:  Undefined offset: 0 in /var/www/test.loc/html/catalog/controller/module/featured.php on line 62
2019-08-14 14:10:13 - PHP Notice:  Undefined offset: 0 in /var/www/test.loc/html/catalog/controller/module/featured.php on line 62
2019-08-14 14:10:13 - PHP Notice:  Undefined offset: 0 in /var/www/test.loc/html/catalog/controller/module/featured.php on line 62
2019-08-14 14:10:13 - PHP Notice:  Undefined offset: 0 in /var/www/test.loc/html/catalog/controller/module/featured.php on line 62
2019-08-14 14:10:13 - PHP Notice:  Undefined offset: 0 in /var/www/test.loc/html/catalog/controller/module/featured.php on line 62
2019-08-14 14:10:13 - PHP Notice:  Undefined offset: 0 in /var/www/test.loc/html/catalog/controller/module/featured.php on line 62
2019-08-14 14:10:13 - PHP Notice:  Undefined offset: 0 in /var/www/test.loc/html/catalog/controller/module/featured.php on line 62
2019-08-14 14:10:13 - PHP Notice:  Undefined offset: 0 in /var/www/test.loc/html/catalog/controller/module/featured.php on line 62
2019-08-14 14:10:13 - PHP Notice:  Undefined offset: 0 in /var/www/test.loc/html/catalog/controller/module/featured.php on line 62
2019-08-14 14:10:51 - PHP Notice:  Undefined offset: 0 in /var/www/test.loc/html/catalog/controller/module/featured.php on line 62
2019-08-14 14:10:51 - PHP Notice:  Undefined offset: 0 in /var/www/test.loc/html/catalog/controller/module/featured.php on line 62
2019-08-14 14:10:51 - PHP Notice:  Undefined offset: 0 in /var/www/test.loc/html/catalog/controller/module/featured.php on line 62
2019-08-14 14:10:51 - PHP Notice:  Undefined offset: 0 in /var/www/test.loc/html/catalog/controller/module/featured.php on line 62
2019-08-14 14:10:51 - PHP Notice:  Undefined offset: 0 in /var/www/test.loc/html/catalog/controller/module/featured.php on line 62
2019-08-14 14:10:51 - PHP Notice:  Undefined offset: 0 in /var/www/test.loc/html/catalog/controller/module/featured.php on line 62
2019-08-14 14:10:51 - PHP Notice:  Undefined offset: 0 in /var/www/test.loc/html/catalog/controller/module/featured.php on line 62
2019-08-14 14:10:51 - PHP Notice:  Undefined offset: 0 in /var/www/test.loc/html/catalog/controller/module/featured.php on line 62
2019-08-14 14:12:21 - PHP Notice:  Undefined offset: 0 in /var/www/test.loc/html/catalog/controller/module/featured.php on line 62
2019-08-14 14:12:21 - PHP Notice:  Undefined offset: 0 in /var/www/test.loc/html/catalog/controller/module/featured.php on line 62
2019-08-14 14:12:21 - PHP Notice:  Undefined offset: 0 in /var/www/test.loc/html/catalog/controller/module/featured.php on line 62
2019-08-14 14:12:21 - PHP Notice:  Undefined offset: 0 in /var/www/test.loc/html/catalog/controller/module/featured.php on line 62
2019-08-14 14:12:21 - PHP Notice:  Undefined offset: 0 in /var/www/test.loc/html/catalog/controller/module/featured.php on line 62
2019-08-14 14:12:21 - PHP Notice:  Undefined offset: 0 in /var/www/test.loc/html/catalog/controller/module/featured.php on line 62
2019-08-14 14:12:21 - PHP Notice:  Undefined offset: 0 in /var/www/test.loc/html/catalog/controller/module/featured.php on line 62
2019-08-14 14:12:21 - PHP Notice:  Undefined offset: 0 in /var/www/test.loc/html/catalog/controller/module/featured.php on line 62
2019-08-14 14:12:22 - PHP Notice:  Undefined offset: 0 in /var/www/test.loc/html/catalog/controller/module/featured.php on line 62
2019-08-14 14:12:22 - PHP Notice:  Undefined offset: 0 in /var/www/test.loc/html/catalog/controller/module/featured.php on line 62
2019-08-14 14:12:22 - PHP Notice:  Undefined offset: 0 in /var/www/test.loc/html/catalog/controller/module/featured.php on line 62
2019-08-14 14:12:22 - PHP Notice:  Undefined offset: 0 in /var/www/test.loc/html/catalog/controller/module/featured.php on line 62
2019-08-14 14:12:22 - PHP Notice:  Undefined offset: 0 in /var/www/test.loc/html/catalog/controller/module/featured.php on line 62
2019-08-14 14:12:22 - PHP Notice:  Undefined offset: 0 in /var/www/test.loc/html/catalog/controller/module/featured.php on line 62
2019-08-14 14:12:22 - PHP Notice:  Undefined offset: 0 in /var/www/test.loc/html/catalog/controller/module/featured.php on line 62
2019-08-14 14:12:22 - PHP Notice:  Undefined offset: 0 in /var/www/test.loc/html/catalog/controller/module/featured.php on line 62
2019-08-14 14:12:24 - PHP Notice:  Undefined offset: 0 in /var/www/test.loc/html/catalog/controller/module/featured.php on line 62
2019-08-14 14:12:24 - PHP Notice:  Undefined offset: 0 in /var/www/test.loc/html/catalog/controller/module/featured.php on line 62
2019-08-14 14:12:24 - PHP Notice:  Undefined offset: 0 in /var/www/test.loc/html/catalog/controller/module/featured.php on line 62
2019-08-14 14:12:24 - PHP Notice:  Undefined offset: 0 in /var/www/test.loc/html/catalog/controller/module/featured.php on line 62
2019-08-14 14:12:27 - PHP Notice:  Undefined offset: 0 in /var/www/test.loc/html/catalog/controller/module/featured.php on line 62
2019-08-14 14:12:27 - PHP Notice:  Undefined offset: 0 in /var/www/test.loc/html/catalog/controller/module/featured.php on line 62
2019-08-14 14:12:27 - PHP Notice:  Undefined offset: 0 in /var/www/test.loc/html/catalog/controller/module/featured.php on line 62
2019-08-14 14:12:27 - PHP Notice:  Undefined offset: 0 in /var/www/test.loc/html/catalog/controller/module/featured.php on line 62
2019-08-14 14:12:27 - PHP Notice:  Undefined offset: 0 in /var/www/test.loc/html/catalog/controller/module/featured.php on line 62
2019-08-14 14:12:27 - PHP Notice:  Undefined offset: 0 in /var/www/test.loc/html/catalog/controller/module/featured.php on line 62
2019-08-14 14:12:27 - PHP Notice:  Undefined offset: 0 in /var/www/test.loc/html/catalog/controller/module/featured.php on line 62
2019-08-14 14:12:27 - PHP Notice:  Undefined offset: 0 in /var/www/test.loc/html/catalog/controller/module/featured.php on line 62
2019-08-14 14:12:49 - PHP Notice:  Undefined offset: 0 in /var/www/test.loc/html/catalog/controller/module/featured.php on line 62
2019-08-14 14:12:49 - PHP Notice:  Undefined offset: 0 in /var/www/test.loc/html/catalog/controller/module/featured.php on line 62
2019-08-14 14:12:49 - PHP Notice:  Undefined offset: 0 in /var/www/test.loc/html/catalog/controller/module/featured.php on line 62
2019-08-14 14:12:49 - PHP Notice:  Undefined offset: 0 in /var/www/test.loc/html/catalog/controller/module/featured.php on line 62
2019-08-14 14:12:49 - PHP Notice:  Undefined offset: 0 in /var/www/test.loc/html/catalog/controller/module/featured.php on line 62
2019-08-14 14:12:49 - PHP Notice:  Undefined offset: 0 in /var/www/test.loc/html/catalog/controller/module/featured.php on line 62
2019-08-14 14:12:49 - PHP Notice:  Undefined offset: 0 in /var/www/test.loc/html/catalog/controller/module/featured.php on line 62
2019-08-14 14:12:49 - PHP Notice:  Undefined offset: 0 in /var/www/test.loc/html/catalog/controller/module/featured.php on line 62
2019-08-14 14:12:54 - PHP Notice:  Undefined offset: 0 in /var/www/test.loc/html/catalog/controller/module/featured.php on line 62
2019-08-14 14:12:54 - PHP Notice:  Undefined offset: 0 in /var/www/test.loc/html/catalog/controller/module/featured.php on line 62
2019-08-14 14:12:54 - PHP Notice:  Undefined offset: 0 in /var/www/test.loc/html/catalog/controller/module/featured.php on line 62
2019-08-14 14:12:54 - PHP Notice:  Undefined offset: 0 in /var/www/test.loc/html/catalog/controller/module/featured.php on line 62
2019-08-14 14:12:54 - PHP Notice:  Undefined offset: 0 in /var/www/test.loc/html/catalog/controller/module/featured.php on line 62
2019-08-14 14:12:54 - PHP Notice:  Undefined offset: 0 in /var/www/test.loc/html/catalog/controller/module/featured.php on line 62
2019-08-14 14:12:54 - PHP Notice:  Undefined offset: 0 in /var/www/test.loc/html/catalog/controller/module/featured.php on line 62
2019-08-14 14:12:54 - PHP Notice:  Undefined offset: 0 in /var/www/test.loc/html/catalog/controller/module/featured.php on line 62
2019-08-14 14:12:58 - PHP Notice:  Undefined offset: 0 in /var/www/test.loc/html/catalog/controller/module/featured.php on line 62
2019-08-14 14:12:58 - PHP Notice:  Undefined offset: 0 in /var/www/test.loc/html/catalog/controller/module/featured.php on line 62
2019-08-14 14:12:58 - PHP Notice:  Undefined offset: 0 in /var/www/test.loc/html/catalog/controller/module/featured.php on line 62
2019-08-14 14:12:58 - PHP Notice:  Undefined offset: 0 in /var/www/test.loc/html/catalog/controller/module/featured.php on line 62
2019-08-14 14:12:58 - PHP Notice:  Undefined offset: 0 in /var/www/test.loc/html/catalog/controller/module/featured.php on line 62
2019-08-14 14:12:58 - PHP Notice:  Undefined offset: 0 in /var/www/test.loc/html/catalog/controller/module/featured.php on line 62
2019-08-14 14:12:58 - PHP Notice:  Undefined offset: 0 in /var/www/test.loc/html/catalog/controller/module/featured.php on line 62
2019-08-14 14:12:58 - PHP Notice:  Undefined offset: 0 in /var/www/test.loc/html/catalog/controller/module/featured.php on line 62
2019-08-14 14:13:05 - PHP Notice:  Undefined offset: 0 in /var/www/test.loc/html/catalog/controller/module/featured.php on line 62
2019-08-14 14:13:05 - PHP Notice:  Undefined offset: 0 in /var/www/test.loc/html/catalog/controller/module/featured.php on line 62
2019-08-14 14:13:05 - PHP Notice:  Undefined offset: 0 in /var/www/test.loc/html/catalog/controller/module/featured.php on line 62
2019-08-14 14:13:05 - PHP Notice:  Undefined offset: 0 in /var/www/test.loc/html/catalog/controller/module/featured.php on line 62
2019-08-14 14:13:05 - PHP Notice:  Undefined offset: 0 in /var/www/test.loc/html/catalog/controller/module/featured.php on line 62
2019-08-14 14:13:05 - PHP Notice:  Undefined offset: 0 in /var/www/test.loc/html/catalog/controller/module/featured.php on line 62
2019-08-14 14:13:05 - PHP Notice:  Undefined offset: 0 in /var/www/test.loc/html/catalog/controller/module/featured.php on line 62
2019-08-14 14:13:05 - PHP Notice:  Undefined offset: 0 in /var/www/test.loc/html/catalog/controller/module/featured.php on line 62
2019-08-14 14:13:06 - PHP Notice:  Undefined offset: 0 in /var/www/test.loc/html/catalog/controller/module/featured.php on line 62
2019-08-14 14:13:06 - PHP Notice:  Undefined offset: 0 in /var/www/test.loc/html/catalog/controller/module/featured.php on line 62
2019-08-14 14:13:06 - PHP Notice:  Undefined offset: 0 in /var/www/test.loc/html/catalog/controller/module/featured.php on line 62
2019-08-14 14:13:06 - PHP Notice:  Undefined offset: 0 in /var/www/test.loc/html/catalog/controller/module/featured.php on line 62
2019-08-14 14:13:06 - PHP Notice:  Undefined offset: 0 in /var/www/test.loc/html/catalog/controller/module/featured.php on line 62
2019-08-14 14:13:06 - PHP Notice:  Undefined offset: 0 in /var/www/test.loc/html/catalog/controller/module/featured.php on line 62
2019-08-14 14:13:06 - PHP Notice:  Undefined offset: 0 in /var/www/test.loc/html/catalog/controller/module/featured.php on line 62
2019-08-14 14:13:06 - PHP Notice:  Undefined offset: 0 in /var/www/test.loc/html/catalog/controller/module/featured.php on line 62
2019-08-14 14:13:26 - PHP Notice:  Undefined offset: 0 in /var/www/test.loc/html/catalog/controller/module/featured.php on line 62
2019-08-14 14:13:26 - PHP Notice:  Undefined offset: 0 in /var/www/test.loc/html/catalog/controller/module/featured.php on line 62
2019-08-14 14:13:26 - PHP Notice:  Undefined offset: 0 in /var/www/test.loc/html/catalog/controller/module/featured.php on line 62
2019-08-14 14:13:26 - PHP Notice:  Undefined offset: 0 in /var/www/test.loc/html/catalog/controller/module/featured.php on line 62
2019-08-14 14:13:26 - PHP Notice:  Undefined offset: 0 in /var/www/test.loc/html/catalog/controller/module/featured.php on line 62
2019-08-14 14:13:26 - PHP Notice:  Undefined offset: 0 in /var/www/test.loc/html/catalog/controller/module/featured.php on line 62
2019-08-14 14:13:26 - PHP Notice:  Undefined offset: 0 in /var/www/test.loc/html/catalog/controller/module/featured.php on line 62
2019-08-14 14:13:26 - PHP Notice:  Undefined offset: 0 in /var/www/test.loc/html/catalog/controller/module/featured.php on line 62
2019-08-14 14:13:27 - PHP Notice:  Undefined offset: 0 in /var/www/test.loc/html/catalog/controller/module/featured.php on line 62
2019-08-14 14:13:27 - PHP Notice:  Undefined offset: 0 in /var/www/test.loc/html/catalog/controller/module/featured.php on line 62
2019-08-14 14:13:27 - PHP Notice:  Undefined offset: 0 in /var/www/test.loc/html/catalog/controller/module/featured.php on line 62
2019-08-14 14:13:27 - PHP Notice:  Undefined offset: 0 in /var/www/test.loc/html/catalog/controller/module/featured.php on line 62
2019-08-14 14:13:27 - PHP Notice:  Undefined offset: 0 in /var/www/test.loc/html/catalog/controller/module/featured.php on line 62
2019-08-14 14:13:27 - PHP Notice:  Undefined offset: 0 in /var/www/test.loc/html/catalog/controller/module/featured.php on line 62
2019-08-14 14:13:27 - PHP Notice:  Undefined offset: 0 in /var/www/test.loc/html/catalog/controller/module/featured.php on line 62
2019-08-14 14:13:27 - PHP Notice:  Undefined offset: 0 in /var/www/test.loc/html/catalog/controller/module/featured.php on line 62
2019-08-14 14:13:32 - PHP Notice:  Undefined offset: 0 in /var/www/test.loc/html/catalog/controller/module/featured.php on line 62
2019-08-14 14:13:32 - PHP Notice:  Undefined offset: 0 in /var/www/test.loc/html/catalog/controller/module/featured.php on line 62
2019-08-14 14:13:32 - PHP Notice:  Undefined offset: 0 in /var/www/test.loc/html/catalog/controller/module/featured.php on line 62
2019-08-14 14:13:32 - PHP Notice:  Undefined offset: 0 in /var/www/test.loc/html/catalog/controller/module/featured.php on line 62
2019-08-14 14:13:32 - PHP Notice:  Undefined offset: 0 in /var/www/test.loc/html/catalog/controller/module/featured.php on line 62
2019-08-14 14:13:32 - PHP Notice:  Undefined offset: 0 in /var/www/test.loc/html/catalog/controller/module/featured.php on line 62
2019-08-14 14:13:32 - PHP Notice:  Undefined offset: 0 in /var/www/test.loc/html/catalog/controller/module/featured.php on line 62
2019-08-14 14:13:32 - PHP Notice:  Undefined offset: 0 in /var/www/test.loc/html/catalog/controller/module/featured.php on line 62
2019-08-14 14:13:32 - PHP Notice:  Undefined offset: 0 in /var/www/test.loc/html/catalog/controller/module/featured.php on line 62
2019-08-14 14:13:32 - PHP Notice:  Undefined offset: 0 in /var/www/test.loc/html/catalog/controller/module/featured.php on line 62
2019-08-14 14:13:32 - PHP Notice:  Undefined offset: 0 in /var/www/test.loc/html/catalog/controller/module/featured.php on line 62
2019-08-14 14:13:32 - PHP Notice:  Undefined offset: 0 in /var/www/test.loc/html/catalog/controller/module/featured.php on line 62
2019-08-14 14:13:32 - PHP Notice:  Undefined offset: 0 in /var/www/test.loc/html/catalog/controller/module/featured.php on line 62
2019-08-14 14:13:32 - PHP Notice:  Undefined offset: 0 in /var/www/test.loc/html/catalog/controller/module/featured.php on line 62
2019-08-14 14:13:32 - PHP Notice:  Undefined offset: 0 in /var/www/test.loc/html/catalog/controller/module/featured.php on line 62
2019-08-14 14:13:32 - PHP Notice:  Undefined offset: 0 in /var/www/test.loc/html/catalog/controller/module/featured.php on line 62
2019-08-14 14:13:38 - PHP Notice:  Undefined offset: 0 in /var/www/test.loc/html/catalog/controller/module/featured.php on line 62
2019-08-14 14:13:38 - PHP Notice:  Undefined offset: 0 in /var/www/test.loc/html/catalog/controller/module/featured.php on line 62
2019-08-14 14:13:38 - PHP Notice:  Undefined offset: 0 in /var/www/test.loc/html/catalog/controller/module/featured.php on line 62
2019-08-14 14:13:38 - PHP Notice:  Undefined offset: 0 in /var/www/test.loc/html/catalog/controller/module/featured.php on line 62
2019-08-14 14:13:38 - PHP Notice:  Undefined offset: 0 in /var/www/test.loc/html/catalog/controller/module/featured.php on line 62
2019-08-14 14:13:38 - PHP Notice:  Undefined offset: 0 in /var/www/test.loc/html/catalog/controller/module/featured.php on line 62
2019-08-14 14:13:38 - PHP Notice:  Undefined offset: 0 in /var/www/test.loc/html/catalog/controller/module/featured.php on line 62
2019-08-14 14:13:38 - PHP Notice:  Undefined offset: 0 in /var/www/test.loc/html/catalog/controller/module/featured.php on line 62
2019-08-14 14:13:39 - PHP Notice:  Undefined offset: 0 in /var/www/test.loc/html/catalog/controller/module/featured.php on line 62
2019-08-14 14:13:39 - PHP Notice:  Undefined offset: 0 in /var/www/test.loc/html/catalog/controller/module/featured.php on line 62
2019-08-14 14:13:39 - PHP Notice:  Undefined offset: 0 in /var/www/test.loc/html/catalog/controller/module/featured.php on line 62
2019-08-14 14:13:39 - PHP Notice:  Undefined offset: 0 in /var/www/test.loc/html/catalog/controller/module/featured.php on line 62
2019-08-14 14:13:39 - PHP Notice:  Undefined offset: 0 in /var/www/test.loc/html/catalog/controller/module/featured.php on line 62
2019-08-14 14:13:39 - PHP Notice:  Undefined offset: 0 in /var/www/test.loc/html/catalog/controller/module/featured.php on line 62
2019-08-14 14:13:39 - PHP Notice:  Undefined offset: 0 in /var/www/test.loc/html/catalog/controller/module/featured.php on line 62
2019-08-14 14:13:39 - PHP Notice:  Undefined offset: 0 in /var/www/test.loc/html/catalog/controller/module/featured.php on line 62
2019-08-14 14:13:42 - PHP Notice:  Undefined offset: 0 in /var/www/test.loc/html/catalog/controller/module/featured.php on line 62
2019-08-14 14:13:42 - PHP Notice:  Undefined offset: 0 in /var/www/test.loc/html/catalog/controller/module/featured.php on line 62
2019-08-14 14:13:42 - PHP Notice:  Undefined offset: 0 in /var/www/test.loc/html/catalog/controller/module/featured.php on line 62
2019-08-14 14:13:42 - PHP Notice:  Undefined offset: 0 in /var/www/test.loc/html/catalog/controller/module/featured.php on line 62
2019-08-14 14:13:42 - PHP Notice:  Undefined offset: 0 in /var/www/test.loc/html/catalog/controller/module/featured.php on line 62
2019-08-14 14:13:42 - PHP Notice:  Undefined offset: 0 in /var/www/test.loc/html/catalog/controller/module/featured.php on line 62
2019-08-14 14:13:42 - PHP Notice:  Undefined offset: 0 in /var/www/test.loc/html/catalog/controller/module/featured.php on line 62
2019-08-14 14:13:42 - PHP Notice:  Undefined offset: 0 in /var/www/test.loc/html/catalog/controller/module/featured.php on line 62
2019-08-14 14:13:45 - PHP Notice:  Undefined offset: 0 in /var/www/test.loc/html/catalog/controller/module/featured.php on line 62
2019-08-14 14:13:45 - PHP Notice:  Undefined offset: 0 in /var/www/test.loc/html/catalog/controller/module/featured.php on line 62
2019-08-14 14:13:45 - PHP Notice:  Undefined offset: 0 in /var/www/test.loc/html/catalog/controller/module/featured.php on line 62
2019-08-14 14:13:45 - PHP Notice:  Undefined offset: 0 in /var/www/test.loc/html/catalog/controller/module/featured.php on line 62
2019-08-14 14:13:45 - PHP Notice:  Undefined offset: 0 in /var/www/test.loc/html/catalog/controller/module/featured.php on line 62
2019-08-14 14:13:45 - PHP Notice:  Undefined offset: 0 in /var/www/test.loc/html/catalog/controller/module/featured.php on line 62
2019-08-14 14:13:45 - PHP Notice:  Undefined offset: 0 in /var/www/test.loc/html/catalog/controller/module/featured.php on line 62
2019-08-14 14:13:45 - PHP Notice:  Undefined offset: 0 in /var/www/test.loc/html/catalog/controller/module/featured.php on line 62
2019-08-14 14:13:49 - PHP Notice:  Undefined offset: 0 in /var/www/test.loc/html/catalog/controller/module/featured.php on line 62
2019-08-14 14:13:49 - PHP Notice:  Undefined offset: 0 in /var/www/test.loc/html/catalog/controller/module/featured.php on line 62
2019-08-14 14:13:49 - PHP Notice:  Undefined offset: 0 in /var/www/test.loc/html/catalog/controller/module/featured.php on line 62
2019-08-14 14:13:49 - PHP Notice:  Undefined offset: 0 in /var/www/test.loc/html/catalog/controller/module/featured.php on line 62
2019-08-14 14:13:49 - PHP Notice:  Undefined offset: 0 in /var/www/test.loc/html/catalog/controller/module/featured.php on line 62
2019-08-14 14:13:49 - PHP Notice:  Undefined offset: 0 in /var/www/test.loc/html/catalog/controller/module/featured.php on line 62
2019-08-14 14:13:49 - PHP Notice:  Undefined offset: 0 in /var/www/test.loc/html/catalog/controller/module/featured.php on line 62
2019-08-14 14:13:49 - PHP Notice:  Undefined offset: 0 in /var/www/test.loc/html/catalog/controller/module/featured.php on line 62
2019-08-14 14:13:55 - PHP Notice:  Undefined offset: 0 in /var/www/test.loc/html/catalog/controller/module/featured.php on line 62
2019-08-14 14:13:55 - PHP Notice:  Undefined offset: 0 in /var/www/test.loc/html/catalog/controller/module/featured.php on line 62
2019-08-14 14:13:55 - PHP Notice:  Undefined offset: 0 in /var/www/test.loc/html/catalog/controller/module/featured.php on line 62
2019-08-14 14:13:55 - PHP Notice:  Undefined offset: 0 in /var/www/test.loc/html/catalog/controller/module/featured.php on line 62
2019-08-14 14:13:55 - PHP Notice:  Undefined offset: 0 in /var/www/test.loc/html/catalog/controller/module/featured.php on line 62
2019-08-14 14:13:55 - PHP Notice:  Undefined offset: 0 in /var/www/test.loc/html/catalog/controller/module/featured.php on line 62
2019-08-14 14:13:55 - PHP Notice:  Undefined offset: 0 in /var/www/test.loc/html/catalog/controller/module/featured.php on line 62
2019-08-14 14:13:55 - PHP Notice:  Undefined offset: 0 in /var/www/test.loc/html/catalog/controller/module/featured.php on line 62
2019-08-14 14:14:17 - PHP Notice:  Undefined offset: 0 in /var/www/test.loc/html/catalog/controller/module/featured.php on line 62
2019-08-14 14:14:17 - PHP Notice:  Undefined offset: 0 in /var/www/test.loc/html/catalog/controller/module/featured.php on line 62
2019-08-14 14:14:17 - PHP Notice:  Undefined offset: 0 in /var/www/test.loc/html/catalog/controller/module/featured.php on line 62
2019-08-14 14:14:17 - PHP Notice:  Undefined offset: 0 in /var/www/test.loc/html/catalog/controller/module/featured.php on line 62
2019-08-14 14:14:17 - PHP Notice:  Undefined offset: 0 in /var/www/test.loc/html/catalog/controller/module/featured.php on line 62
2019-08-14 14:14:17 - PHP Notice:  Undefined offset: 0 in /var/www/test.loc/html/catalog/controller/module/featured.php on line 62
2019-08-14 14:14:17 - PHP Notice:  Undefined offset: 0 in /var/www/test.loc/html/catalog/controller/module/featured.php on line 62
2019-08-14 14:14:17 - PHP Notice:  Undefined offset: 0 in /var/www/test.loc/html/catalog/controller/module/featured.php on line 62
2019-08-14 14:14:18 - PHP Notice:  Undefined offset: 0 in /var/www/test.loc/html/catalog/controller/module/featured.php on line 62
2019-08-14 14:14:18 - PHP Notice:  Undefined offset: 0 in /var/www/test.loc/html/catalog/controller/module/featured.php on line 62
2019-08-14 14:14:18 - PHP Notice:  Undefined offset: 0 in /var/www/test.loc/html/catalog/controller/module/featured.php on line 62
2019-08-14 14:14:18 - PHP Notice:  Undefined offset: 0 in /var/www/test.loc/html/catalog/controller/module/featured.php on line 62
2019-08-14 14:14:18 - PHP Notice:  Undefined offset: 0 in /var/www/test.loc/html/catalog/controller/module/featured.php on line 62
2019-08-14 14:14:18 - PHP Notice:  Undefined offset: 0 in /var/www/test.loc/html/catalog/controller/module/featured.php on line 62
2019-08-14 14:14:18 - PHP Notice:  Undefined offset: 0 in /var/www/test.loc/html/catalog/controller/module/featured.php on line 62
2019-08-14 14:14:18 - PHP Notice:  Undefined offset: 0 in /var/www/test.loc/html/catalog/controller/module/featured.php on line 62
2019-08-14 14:14:44 - PHP Notice:  Undefined offset: 0 in /var/www/test.loc/html/catalog/controller/module/featured.php on line 62
2019-08-14 14:14:44 - PHP Notice:  Undefined offset: 0 in /var/www/test.loc/html/catalog/controller/module/featured.php on line 62
2019-08-14 14:14:44 - PHP Notice:  Undefined offset: 0 in /var/www/test.loc/html/catalog/controller/module/featured.php on line 62
2019-08-14 14:14:44 - PHP Notice:  Undefined offset: 0 in /var/www/test.loc/html/catalog/controller/module/featured.php on line 62
2019-08-14 14:14:44 - PHP Notice:  Undefined offset: 0 in /var/www/test.loc/html/catalog/controller/module/featured.php on line 62
2019-08-14 14:14:44 - PHP Notice:  Undefined offset: 0 in /var/www/test.loc/html/catalog/controller/module/featured.php on line 62
2019-08-14 14:14:44 - PHP Notice:  Undefined offset: 0 in /var/www/test.loc/html/catalog/controller/module/featured.php on line 62
2019-08-14 14:14:44 - PHP Notice:  Undefined offset: 0 in /var/www/test.loc/html/catalog/controller/module/featured.php on line 62
2019-08-14 14:16:14 - PHP Notice:  Undefined offset: 0 in /var/www/test.loc/html/catalog/controller/module/featured.php on line 62
2019-08-14 14:16:14 - PHP Notice:  Undefined offset: 0 in /var/www/test.loc/html/catalog/controller/module/featured.php on line 62
2019-08-14 14:16:14 - PHP Notice:  Undefined offset: 0 in /var/www/test.loc/html/catalog/controller/module/featured.php on line 62
2019-08-14 14:16:14 - PHP Notice:  Undefined offset: 0 in /var/www/test.loc/html/catalog/controller/module/featured.php on line 62
2019-08-14 14:16:19 - PHP Notice:  Undefined offset: 0 in /var/www/test.loc/html/catalog/controller/module/featured.php on line 62
2019-08-14 14:16:19 - PHP Notice:  Undefined offset: 0 in /var/www/test.loc/html/catalog/controller/module/featured.php on line 62
2019-08-14 14:16:19 - PHP Notice:  Undefined offset: 0 in /var/www/test.loc/html/catalog/controller/module/featured.php on line 62
2019-08-14 14:16:19 - PHP Notice:  Undefined offset: 0 in /var/www/test.loc/html/catalog/controller/module/featured.php on line 62
2019-08-14 14:16:42 - PHP Notice:  Undefined offset: 0 in /var/www/test.loc/html/catalog/controller/module/featured.php on line 62
2019-08-14 14:16:42 - PHP Notice:  Undefined offset: 0 in /var/www/test.loc/html/catalog/controller/module/featured.php on line 62
2019-08-14 14:16:42 - PHP Notice:  Undefined offset: 0 in /var/www/test.loc/html/catalog/controller/module/featured.php on line 62
2019-08-14 14:16:42 - PHP Notice:  Undefined offset: 0 in /var/www/test.loc/html/catalog/controller/module/featured.php on line 62
2019-08-14 14:16:44 - PHP Notice:  Undefined offset: 0 in /var/www/test.loc/html/catalog/controller/module/featured.php on line 62
2019-08-14 14:16:44 - PHP Notice:  Undefined offset: 0 in /var/www/test.loc/html/catalog/controller/module/featured.php on line 62
2019-08-14 14:16:44 - PHP Notice:  Undefined offset: 0 in /var/www/test.loc/html/catalog/controller/module/featured.php on line 62
2019-08-14 14:16:44 - PHP Notice:  Undefined offset: 0 in /var/www/test.loc/html/catalog/controller/module/featured.php on line 62
2019-08-14 14:17:44 - PHP Notice:  Undefined offset: 0 in /var/www/test.loc/html/catalog/controller/module/featured.php on line 62
2019-08-14 14:17:44 - PHP Notice:  Undefined offset: 0 in /var/www/test.loc/html/catalog/controller/module/featured.php on line 62
2019-08-14 14:17:44 - PHP Notice:  Undefined offset: 0 in /var/www/test.loc/html/catalog/controller/module/featured.php on line 62
2019-08-14 14:17:44 - PHP Notice:  Undefined offset: 0 in /var/www/test.loc/html/catalog/controller/module/featured.php on line 62
2019-08-14 14:17:48 - PHP Notice:  Undefined offset: 0 in /var/www/test.loc/html/catalog/controller/module/featured.php on line 62
2019-08-14 14:17:48 - PHP Notice:  Undefined offset: 0 in /var/www/test.loc/html/catalog/controller/module/featured.php on line 62
2019-08-14 14:17:48 - PHP Notice:  Undefined offset: 0 in /var/www/test.loc/html/catalog/controller/module/featured.php on line 62
2019-08-14 14:17:48 - PHP Notice:  Undefined offset: 0 in /var/www/test.loc/html/catalog/controller/module/featured.php on line 62
2019-08-14 14:18:27 - PHP Notice:  Undefined offset: 0 in /var/www/test.loc/html/catalog/controller/module/featured.php on line 62
2019-08-14 14:18:27 - PHP Notice:  Undefined offset: 0 in /var/www/test.loc/html/catalog/controller/module/featured.php on line 62
2019-08-14 14:18:27 - PHP Notice:  Undefined offset: 0 in /var/www/test.loc/html/catalog/controller/module/featured.php on line 62
2019-08-14 14:18:27 - PHP Notice:  Undefined offset: 0 in /var/www/test.loc/html/catalog/controller/module/featured.php on line 62
2019-08-14 14:19:38 - PHP Notice:  Undefined offset: 0 in /var/www/test.loc/html/catalog/controller/module/featured.php on line 62
2019-08-14 14:19:38 - PHP Notice:  Undefined offset: 0 in /var/www/test.loc/html/catalog/controller/module/featured.php on line 62
2019-08-14 14:19:38 - PHP Notice:  Undefined offset: 0 in /var/www/test.loc/html/catalog/controller/module/featured.php on line 62
2019-08-14 14:19:38 - PHP Notice:  Undefined offset: 0 in /var/www/test.loc/html/catalog/controller/module/featured.php on line 62
2019-08-14 14:19:52 - PHP Notice:  Undefined offset: 0 in /var/www/test.loc/html/catalog/controller/module/featured.php on line 62
2019-08-14 14:19:52 - PHP Notice:  Undefined offset: 0 in /var/www/test.loc/html/catalog/controller/module/featured.php on line 62
2019-08-14 14:19:52 - PHP Notice:  Undefined offset: 0 in /var/www/test.loc/html/catalog/controller/module/featured.php on line 62
2019-08-14 14:19:52 - PHP Notice:  Undefined offset: 0 in /var/www/test.loc/html/catalog/controller/module/featured.php on line 62
2019-08-14 14:19:52 - PHP Notice:  Undefined offset: 0 in /var/www/test.loc/html/catalog/controller/module/featured.php on line 62
2019-08-14 14:19:52 - PHP Notice:  Undefined offset: 0 in /var/www/test.loc/html/catalog/controller/module/featured.php on line 62
2019-08-14 14:19:52 - PHP Notice:  Undefined offset: 0 in /var/www/test.loc/html/catalog/controller/module/featured.php on line 62
2019-08-14 14:19:52 - PHP Notice:  Undefined offset: 0 in /var/www/test.loc/html/catalog/controller/module/featured.php on line 62
2019-08-14 14:21:36 - PHP Notice:  Undefined offset: 0 in /var/www/test.loc/html/catalog/controller/module/featured.php on line 62
2019-08-14 14:21:36 - PHP Notice:  Undefined offset: 0 in /var/www/test.loc/html/catalog/controller/module/featured.php on line 62
2019-08-14 14:21:36 - PHP Notice:  Undefined offset: 0 in /var/www/test.loc/html/catalog/controller/module/featured.php on line 62
2019-08-14 14:21:36 - PHP Notice:  Undefined offset: 0 in /var/www/test.loc/html/catalog/controller/module/featured.php on line 62
2019-08-14 14:21:36 - PHP Notice:  Undefined offset: 0 in /var/www/test.loc/html/catalog/controller/module/featured.php on line 62
2019-08-14 14:21:36 - PHP Notice:  Undefined offset: 0 in /var/www/test.loc/html/catalog/controller/module/featured.php on line 62
2019-08-14 14:21:36 - PHP Notice:  Undefined offset: 0 in /var/www/test.loc/html/catalog/controller/module/featured.php on line 62
2019-08-14 14:21:36 - PHP Notice:  Undefined offset: 0 in /var/www/test.loc/html/catalog/controller/module/featured.php on line 62
2019-08-14 14:21:48 - PHP Notice:  Undefined offset: 0 in /var/www/test.loc/html/catalog/controller/module/featured.php on line 62
2019-08-14 14:21:48 - PHP Notice:  Undefined offset: 0 in /var/www/test.loc/html/catalog/controller/module/featured.php on line 62
2019-08-14 14:21:48 - PHP Notice:  Undefined offset: 0 in /var/www/test.loc/html/catalog/controller/module/featured.php on line 62
2019-08-14 14:21:48 - PHP Notice:  Undefined offset: 0 in /var/www/test.loc/html/catalog/controller/module/featured.php on line 62
2019-08-14 14:45:44 - PHP Notice:  Undefined offset: 0 in /var/www/test.loc/html/catalog/controller/module/featured.php on line 62
2019-08-14 14:45:44 - PHP Notice:  Undefined offset: 0 in /var/www/test.loc/html/catalog/controller/module/featured.php on line 62
2019-08-14 14:45:44 - PHP Notice:  Undefined offset: 0 in /var/www/test.loc/html/catalog/controller/module/featured.php on line 62
2019-08-14 14:45:44 - PHP Notice:  Undefined offset: 0 in /var/www/test.loc/html/catalog/controller/module/featured.php on line 62
2019-08-14 14:45:44 - PHP Notice:  Undefined offset: 0 in /var/www/test.loc/html/catalog/controller/module/featured.php on line 62
2019-08-14 14:45:44 - PHP Notice:  Undefined offset: 0 in /var/www/test.loc/html/catalog/controller/module/featured.php on line 62
2019-08-14 14:45:44 - PHP Notice:  Undefined offset: 0 in /var/www/test.loc/html/catalog/controller/module/featured.php on line 62
2019-08-14 14:45:44 - PHP Notice:  Undefined offset: 0 in /var/www/test.loc/html/catalog/controller/module/featured.php on line 62
2019-08-14 14:46:39 - PHP Notice:  Undefined offset: 0 in /var/www/test.loc/html/catalog/controller/module/featured.php on line 62
2019-08-14 14:46:39 - PHP Notice:  Undefined offset: 0 in /var/www/test.loc/html/catalog/controller/module/featured.php on line 62
2019-08-14 14:46:39 - PHP Notice:  Undefined offset: 0 in /var/www/test.loc/html/catalog/controller/module/featured.php on line 62
2019-08-14 14:46:39 - PHP Notice:  Undefined offset: 0 in /var/www/test.loc/html/catalog/controller/module/featured.php on line 62
2019-08-14 14:46:39 - PHP Notice:  Undefined offset: 0 in /var/www/test.loc/html/catalog/controller/module/featured.php on line 62
2019-08-14 14:46:39 - PHP Notice:  Undefined offset: 0 in /var/www/test.loc/html/catalog/controller/module/featured.php on line 62
2019-08-14 14:46:39 - PHP Notice:  Undefined offset: 0 in /var/www/test.loc/html/catalog/controller/module/featured.php on line 62
2019-08-14 14:46:39 - PHP Notice:  Undefined offset: 0 in /var/www/test.loc/html/catalog/controller/module/featured.php on line 62
2019-08-14 14:47:46 - PHP Notice:  Undefined offset: 0 in /var/www/test.loc/html/catalog/controller/module/featured.php on line 62
2019-08-14 14:47:46 - PHP Notice:  Undefined offset: 0 in /var/www/test.loc/html/catalog/controller/module/featured.php on line 62
2019-08-14 14:47:46 - PHP Notice:  Undefined offset: 0 in /var/www/test.loc/html/catalog/controller/module/featured.php on line 62
2019-08-14 14:47:46 - PHP Notice:  Undefined offset: 0 in /var/www/test.loc/html/catalog/controller/module/featured.php on line 62
2019-08-14 14:48:46 - PHP Notice:  Undefined offset: 0 in /var/www/test.loc/html/catalog/controller/module/featured.php on line 62
2019-08-14 14:48:46 - PHP Notice:  Undefined offset: 0 in /var/www/test.loc/html/catalog/controller/module/featured.php on line 62
2019-08-14 14:48:46 - PHP Notice:  Undefined offset: 0 in /var/www/test.loc/html/catalog/controller/module/featured.php on line 62
2019-08-14 14:48:46 - PHP Notice:  Undefined offset: 0 in /var/www/test.loc/html/catalog/controller/module/featured.php on line 62
2019-08-14 14:48:47 - PHP Notice:  Undefined offset: 0 in /var/www/test.loc/html/catalog/controller/module/featured.php on line 62
2019-08-14 14:48:47 - PHP Notice:  Undefined offset: 0 in /var/www/test.loc/html/catalog/controller/module/featured.php on line 62
2019-08-14 14:48:47 - PHP Notice:  Undefined offset: 0 in /var/www/test.loc/html/catalog/controller/module/featured.php on line 62
2019-08-14 14:48:47 - PHP Notice:  Undefined offset: 0 in /var/www/test.loc/html/catalog/controller/module/featured.php on line 62
2019-08-14 16:03:46 - PHP Notice:  Undefined offset: 0 in /var/www/test.loc/html/catalog/controller/module/featured.php on line 62
2019-08-14 16:03:46 - PHP Notice:  Undefined offset: 0 in /var/www/test.loc/html/catalog/controller/module/featured.php on line 62
2019-08-14 16:03:46 - PHP Notice:  Undefined offset: 0 in /var/www/test.loc/html/catalog/controller/module/featured.php on line 62
2019-08-14 16:03:46 - PHP Notice:  Undefined offset: 0 in /var/www/test.loc/html/catalog/controller/module/featured.php on line 62
2019-08-14 16:03:53 - PHP Notice:  Undefined offset: 0 in /var/www/test.loc/html/catalog/controller/module/featured.php on line 62
2019-08-14 16:03:53 - PHP Notice:  Undefined offset: 0 in /var/www/test.loc/html/catalog/controller/module/featured.php on line 62
2019-08-14 16:03:53 - PHP Notice:  Undefined offset: 0 in /var/www/test.loc/html/catalog/controller/module/featured.php on line 62
2019-08-14 16:03:53 - PHP Notice:  Undefined offset: 0 in /var/www/test.loc/html/catalog/controller/module/featured.php on line 62
2019-08-14 16:03:57 - PHP Notice:  Undefined offset: 0 in /var/www/test.loc/html/catalog/controller/module/featured.php on line 62
2019-08-14 16:03:57 - PHP Notice:  Undefined offset: 0 in /var/www/test.loc/html/catalog/controller/module/featured.php on line 62
2019-08-14 16:03:57 - PHP Notice:  Undefined offset: 0 in /var/www/test.loc/html/catalog/controller/module/featured.php on line 62
2019-08-14 16:03:57 - PHP Notice:  Undefined offset: 0 in /var/www/test.loc/html/catalog/controller/module/featured.php on line 62
2019-08-14 16:04:27 - PHP Notice:  Undefined offset: 0 in /var/www/test.loc/html/catalog/controller/module/featured.php on line 62
2019-08-14 16:04:27 - PHP Notice:  Undefined offset: 0 in /var/www/test.loc/html/catalog/controller/module/featured.php on line 62
2019-08-14 16:04:27 - PHP Notice:  Undefined offset: 0 in /var/www/test.loc/html/catalog/controller/module/featured.php on line 62
2019-08-14 16:04:27 - PHP Notice:  Undefined offset: 0 in /var/www/test.loc/html/catalog/controller/module/featured.php on line 62
2019-08-14 16:04:29 - PHP Notice:  Undefined offset: 0 in /var/www/test.loc/html/catalog/controller/module/featured.php on line 62
2019-08-14 16:04:29 - PHP Notice:  Undefined offset: 0 in /var/www/test.loc/html/catalog/controller/module/featured.php on line 62
2019-08-14 16:04:29 - PHP Notice:  Undefined offset: 0 in /var/www/test.loc/html/catalog/controller/module/featured.php on line 62
2019-08-14 16:04:29 - PHP Notice:  Undefined offset: 0 in /var/www/test.loc/html/catalog/controller/module/featured.php on line 62
